<?xml version="1.0"?>
<!DOCTYPE coverage SYSTEM "http://cobertura.sourceforge.net/xml/coverage-04.dtd">

<coverage line-rate="0.9338138925294889" branch-rate="0.79" lines-covered="1425" lines-valid="1526" branches-covered="237" branches-valid="300" complexity="1.4848484848484849" version="2.1.1" timestamp="1719526862772">
	<sources>
		<source>/home/hiroshi/Documents/github/valid8j/valid8j/target/checkout/target/generated-sources/local</source>
		<source>--source</source>
		<source>/home/hiroshi/Documents/github/valid8j/valid8j/target/checkout/src/main/java</source>
		<source>/home/hiroshi/Documents/github/valid8j/valid8j/target/checkout/target/generated-sources/annotations</source>
	</sources>
	<packages>
		<package name="com.github.valid8j.classic" line-rate="1.0" branch-rate="1.0" complexity="1.0">
			<classes>
				<class name="com.github.valid8j.classic.IllegalValueException" filename="com/github/valid8j/classic/IllegalValueException.java" line-rate="1.0" branch-rate="1.0" complexity="1.0">
					<methods>
						<method name="&lt;init&gt;" signature="(Ljava/lang/String;)V" line-rate="1.0" branch-rate="1.0" complexity="0">
							<lines>
								<line number="5" hits="17" branch="false"/>
								<line number="6" hits="17" branch="false"/>
							</lines>
						</method>
					</methods>
					<lines>
						<line number="5" hits="17" branch="false"/>
						<line number="6" hits="17" branch="false"/>
					</lines>
				</class>
			</classes>
		</package>
		<package name="com.github.valid8j.fluent" line-rate="0.6" branch-rate="1.0" complexity="0.0">
			<classes>
				<class name="com.github.valid8j.fluent.Expectations$CustomTransformer" filename="com/github/valid8j/fluent/Expectations.java" line-rate="0.5" branch-rate="1.0" complexity="0.0">
					<methods>
						<method name="&lt;init&gt;" signature="(Ljava/lang/Object;)V" line-rate="1.0" branch-rate="1.0" complexity="0">
							<lines>
								<line number="987" hits="5" branch="false"/>
							</lines>
						</method>
						<method name="create" signature="(Ljava/lang/Object;)Lcom/github/valid8j/pcond/core/fluent/AbstractObjectTransformer;" line-rate="0.3333333333333333" branch-rate="1.0" complexity="0">
							<lines>
								<line number="1013" hits="2" branch="false"/>
								<line number="1014" hits="0" branch="false"/>
								<line number="1015" hits="0" branch="false"/>
							</lines>
						</method>
						<method name="lambda$new$0" signature="(Ljava/lang/Object;)Ljava/lang/Object;" line-rate="1.0" branch-rate="1.0" complexity="0">
							<lines>
								<line number="986" hits="10" branch="false"/>
							</lines>
						</method>
						<method name="lambda$transform$1" signature="(Ljava/util/function/Function;Lcom/github/valid8j/pcond/core/fluent/Transformer;)Ljava/util/function/Predicate;" line-rate="0.0" branch-rate="1.0" complexity="0">
							<lines>
								<line number="1007" hits="0" branch="false"/>
							</lines>
						</method>
						<method name="rebase" signature="()Lcom/github/valid8j/pcond/core/fluent/AbstractObjectTransformer;" line-rate="1.0" branch-rate="1.0" complexity="0">
							<lines>
								<line number="996" hits="2" branch="false"/>
							</lines>
						</method>
						<method name="rebase" signature="()Lcom/github/valid8j/pcond/core/fluent/Matcher;" line-rate="1.0" branch-rate="1.0" complexity="0">
							<lines>
								<line number="963" hits="2" branch="false"/>
							</lines>
						</method>
						<method name="toChecker" signature="(Ljava/util/function/Function;)Lcom/github/valid8j/pcond/core/fluent/Checker;" line-rate="1.0" branch-rate="1.0" complexity="0">
							<lines>
							</lines>
						</method>
						<method name="toChecker" signature="(Ljava/util/function/Function;)Lcom/github/valid8j/pcond/core/fluent/builtins/ObjectChecker;" line-rate="0.0" branch-rate="1.0" complexity="0">
							<lines>
								<line number="1001" hits="0" branch="false"/>
							</lines>
						</method>
						<method name="transform" signature="(Ljava/util/function/Function;)Lcom/github/valid8j/pcond/core/fluent/AbstractObjectTransformer;" line-rate="0.0" branch-rate="1.0" complexity="0">
							<lines>
								<line number="1006" hits="0" branch="false"/>
							</lines>
						</method>
					</methods>
					<lines>
						<line number="963" hits="2" branch="false"/>
						<line number="986" hits="10" branch="false"/>
						<line number="987" hits="5" branch="false"/>
						<line number="996" hits="2" branch="false"/>
						<line number="1001" hits="0" branch="false"/>
						<line number="1006" hits="0" branch="false"/>
						<line number="1007" hits="0" branch="false"/>
						<line number="1013" hits="2" branch="false"/>
						<line number="1014" hits="0" branch="false"/>
						<line number="1015" hits="0" branch="false"/>
					</lines>
				</class>
				<class name="com.github.valid8j.fluent.Expectations$LocalTransformer" filename="com/github/valid8j/fluent/Expectations.java" line-rate="0.8" branch-rate="1.0" complexity="0.0">
					<methods>
						<method name="&lt;init&gt;" signature="(Ljava/util/function/Supplier;Ljava/util/function/Function;)V" line-rate="1.0" branch-rate="1.0" complexity="0">
							<lines>
								<line number="919" hits="253" branch="false"/>
								<line number="920" hits="253" branch="false"/>
								<line number="921" hits="253" branch="false"/>
							</lines>
						</method>
						<method name="rebase" signature="()Lcom/github/valid8j/pcond/core/fluent/Matcher;" line-rate="0.0" branch-rate="1.0" complexity="0">
							<lines>
								<line number="930" hits="0" branch="false"/>
							</lines>
						</method>
						<method name="toChecker" signature="(Ljava/util/function/Function;)Lcom/github/valid8j/pcond/core/fluent/Checker;" line-rate="1.0" branch-rate="1.0" complexity="0">
							<lines>
								<line number="925" hits="253" branch="false"/>
							</lines>
						</method>
					</methods>
					<lines>
						<line number="919" hits="253" branch="false"/>
						<line number="920" hits="253" branch="false"/>
						<line number="921" hits="253" branch="false"/>
						<line number="925" hits="253" branch="false"/>
						<line number="930" hits="0" branch="false"/>
					</lines>
				</class>
			</classes>
		</package>
		<package name="com.github.valid8j.metamor" line-rate="0.90625" branch-rate="0.625" complexity="1.4444444444444444">
			<classes>
				<class name="com.github.valid8j.metamor.Dataset" filename="com/github/valid8j/metamor/Dataset.java" line-rate="1.0" branch-rate="1.0" complexity="0.0">
					<methods>
					</methods>
					<lines>
					</lines>
				</class>
				<class name="com.github.valid8j.metamor.Dataset$Base" filename="com/github/valid8j/metamor/Dataset.java" line-rate="1.0" branch-rate="1.0" complexity="0.0">
					<methods>
						<method name="&lt;init&gt;" signature="(Ljava/lang/String;)V" line-rate="1.0" branch-rate="1.0" complexity="0">
							<lines>
								<line number="30" hits="184" branch="false"/>
								<line number="31" hits="184" branch="false"/>
								<line number="32" hits="184" branch="false"/>
							</lines>
						</method>
						<method name="name" signature="()Ljava/lang/String;" line-rate="1.0" branch-rate="1.0" complexity="0">
							<lines>
								<line number="35" hits="730" branch="false"/>
							</lines>
						</method>
					</methods>
					<lines>
						<line number="30" hits="184" branch="false"/>
						<line number="31" hits="184" branch="false"/>
						<line number="32" hits="184" branch="false"/>
						<line number="35" hits="730" branch="false"/>
					</lines>
				</class>
				<class name="com.github.valid8j.metamor.Dataset$Closed" filename="com/github/valid8j/metamor/Dataset.java" line-rate="1.0" branch-rate="1.0" complexity="0.0">
					<methods>
					</methods>
					<lines>
					</lines>
				</class>
				<class name="com.github.valid8j.metamor.Dataset$Closed$Impl" filename="com/github/valid8j/metamor/Dataset.java" line-rate="1.0" branch-rate="1.0" complexity="0.0">
					<methods>
						<method name="&lt;init&gt;" signature="(Ljava/lang/String;Ljava/util/List;)V" line-rate="1.0" branch-rate="1.0" complexity="0">
							<lines>
								<line number="98" hits="46" branch="false"/>
								<line number="99" hits="46" branch="false"/>
								<line number="100" hits="46" branch="false"/>
							</lines>
						</method>
						<method name="get" signature="(I)Ljava/lang/Object;" line-rate="1.0" branch-rate="1.0" complexity="0">
							<lines>
								<line number="104" hits="418" branch="false"/>
							</lines>
						</method>
						<method name="iterator" signature="()Ljava/util/Iterator;" line-rate="1.0" branch-rate="1.0" complexity="0">
							<lines>
								<line number="114" hits="2" branch="false"/>
							</lines>
						</method>
						<method name="size" signature="()I" line-rate="1.0" branch-rate="1.0" complexity="0">
							<lines>
								<line number="109" hits="45" branch="false"/>
							</lines>
						</method>
						<method name="toString" signature="()Ljava/lang/String;" line-rate="1.0" branch-rate="1.0" complexity="0">
							<lines>
								<line number="119" hits="262" branch="false"/>
							</lines>
						</method>
					</methods>
					<lines>
						<line number="98" hits="46" branch="false"/>
						<line number="99" hits="46" branch="false"/>
						<line number="100" hits="46" branch="false"/>
						<line number="104" hits="418" branch="false"/>
						<line number="109" hits="45" branch="false"/>
						<line number="114" hits="2" branch="false"/>
						<line number="119" hits="262" branch="false"/>
					</lines>
				</class>
				<class name="com.github.valid8j.metamor.Dataset$OnGoing" filename="com/github/valid8j/metamor/Dataset.java" line-rate="1.0" branch-rate="1.0" complexity="0.0">
					<methods>
					</methods>
					<lines>
					</lines>
				</class>
				<class name="com.github.valid8j.metamor.Dataset$OnGoing$Impl" filename="com/github/valid8j/metamor/Dataset.java" line-rate="0.75" branch-rate="0.5" complexity="0.0">
					<methods>
						<method name="&lt;init&gt;" signature="(Ljava/lang/String;)V" line-rate="1.0" branch-rate="1.0" complexity="0">
							<lines>
								<line number="48" hits="138" branch="false"/>
								<line number="49" hits="138" branch="false"/>
								<line number="50" hits="138" branch="false"/>
							</lines>
						</method>
						<method name="&lt;init&gt;" signature="(Ljava/lang/String;Lcom/github/valid8j/metamor/Dataset;)V" line-rate="1.0" branch-rate="1.0" complexity="0">
							<lines>
								<line number="53" hits="92" branch="false"/>
								<line number="54" hits="230" branch="true" condition-coverage="100% (2/2)">
									<conditions>
										<condition number="0" type="jump" coverage="100%"/>
									</conditions>
								</line>
								<line number="55" hits="138" branch="false"/>
								<line number="56" hits="92" branch="false"/>
							</lines>
						</method>
						<method name="add" signature="(Ljava/lang/Object;)Lcom/github/valid8j/metamor/Dataset$OnGoing;" line-rate="1.0" branch-rate="1.0" complexity="0">
							<lines>
								<line number="70" hits="230" branch="false"/>
								<line number="71" hits="230" branch="false"/>
							</lines>
						</method>
						<method name="close" signature="()Lcom/github/valid8j/metamor/Dataset;" line-rate="1.0" branch-rate="1.0" complexity="0">
							<lines>
								<line number="76" hits="46" branch="false"/>
							</lines>
						</method>
						<method name="get" signature="(I)Ljava/lang/Object;" line-rate="1.0" branch-rate="1.0" complexity="0">
							<lines>
								<line number="60" hits="690" branch="false"/>
							</lines>
						</method>
						<method name="iterator" signature="()Ljava/util/Iterator;" line-rate="0.0" branch-rate="1.0" complexity="0">
							<lines>
								<line number="81" hits="0" branch="false"/>
							</lines>
						</method>
						<method name="size" signature="()I" line-rate="1.0" branch-rate="1.0" complexity="0">
							<lines>
								<line number="65" hits="2070" branch="false"/>
							</lines>
						</method>
						<method name="toString" signature="()Ljava/lang/String;" line-rate="0.0" branch-rate="0.0" complexity="0">
							<lines>
								<line number="86" hits="0" branch="true" condition-coverage="0% (0/2)">
									<conditions>
										<condition number="0" type="jump" coverage="0%"/>
									</conditions>
								</line>
								<line number="87" hits="0" branch="false"/>
								<line number="88" hits="0" branch="false"/>
							</lines>
						</method>
					</methods>
					<lines>
						<line number="48" hits="138" branch="false"/>
						<line number="49" hits="138" branch="false"/>
						<line number="50" hits="138" branch="false"/>
						<line number="53" hits="92" branch="false"/>
						<line number="54" hits="230" branch="true" condition-coverage="100% (2/2)">
							<conditions>
								<condition number="0" type="jump" coverage="100%"/>
							</conditions>
						</line>
						<line number="55" hits="138" branch="false"/>
						<line number="56" hits="92" branch="false"/>
						<line number="60" hits="690" branch="false"/>
						<line number="65" hits="2070" branch="false"/>
						<line number="70" hits="230" branch="false"/>
						<line number="71" hits="230" branch="false"/>
						<line number="76" hits="46" branch="false"/>
						<line number="81" hits="0" branch="false"/>
						<line number="86" hits="0" branch="true" condition-coverage="0% (0/2)">
							<conditions>
								<condition number="0" type="jump" coverage="0%"/>
							</conditions>
						</line>
						<line number="87" hits="0" branch="false"/>
						<line number="88" hits="0" branch="false"/>
					</lines>
				</class>
				<class name="com.github.valid8j.metamor.InputResolver" filename="com/github/valid8j/metamor/InputResolver.java" line-rate="1.0" branch-rate="1.0" complexity="0.0">
					<methods>
					</methods>
					<lines>
					</lines>
				</class>
				<class name="com.github.valid8j.metamor.InputResolver$Impl" filename="com/github/valid8j/metamor/InputResolver.java" line-rate="1.0" branch-rate="1.0" complexity="0.0">
					<methods>
						<method name="&lt;init&gt;" signature="(Ljava/util/function/Supplier;Ljava/util/function/Function;)V" line-rate="1.0" branch-rate="1.0" complexity="0">
							<lines>
								<line number="18" hits="52" branch="false"/>
								<line number="19" hits="52" branch="false"/>
							</lines>
						</method>
					</methods>
					<lines>
						<line number="18" hits="52" branch="false"/>
						<line number="19" hits="52" branch="false"/>
					</lines>
				</class>
				<class name="com.github.valid8j.metamor.InputResolver$Sequence" filename="com/github/valid8j/metamor/InputResolver.java" line-rate="1.0" branch-rate="1.0" complexity="0.0">
					<methods>
					</methods>
					<lines>
					</lines>
				</class>
				<class name="com.github.valid8j.metamor.InputResolver$Sequence$Factory" filename="com/github/valid8j/metamor/InputResolver.java" line-rate="1.0" branch-rate="1.0" complexity="0.0">
					<methods>
					</methods>
					<lines>
					</lines>
				</class>
				<class name="com.github.valid8j.metamor.InputResolver$Sequence$Factory$Builder" filename="com/github/valid8j/metamor/InputResolver.java" line-rate="1.0" branch-rate="1.0" complexity="0.0">
					<methods>
						<method name="&lt;init&gt;" signature="(Ljava/lang/String;Ljava/lang/String;)V" line-rate="1.0" branch-rate="1.0" complexity="0">
							<lines>
								<line number="107" hits="26" branch="false"/>
								<line number="111" hits="26" branch="false"/>
								<line number="112" hits="26" branch="false"/>
								<line number="113" hits="26" branch="false"/>
								<line number="114" hits="26" branch="false"/>
							</lines>
						</method>
						<method name="build" signature="()Lcom/github/valid8j/metamor/InputResolver$Sequence$Factory;" line-rate="1.0" branch-rate="1.0" complexity="0">
							<lines>
								<line number="122" hits="26" branch="false"/>
							</lines>
						</method>
						<method name="function" signature="(Ljava/util/function/Function;Ljava/util/function/Function;)Lcom/github/valid8j/metamor/InputResolver$Sequence$Factory$Builder;" line-rate="1.0" branch-rate="1.0" complexity="0">
							<lines>
								<line number="118" hits="52" branch="false"/>
							</lines>
						</method>
						<method name="lambda$function$0" signature="(Ljava/util/function/Function;)Ljava/lang/String;" line-rate="1.0" branch-rate="1.0" complexity="0">
							<lines>
								<line number="117" hits="1014" branch="false"/>
							</lines>
						</method>
						<method name="lambda$function$3" signature="(Ljava/util/function/Function;Ljava/util/function/Function;Ljava/lang/Object;)Lcom/github/valid8j/metamor/InputResolver$Impl;" line-rate="1.0" branch-rate="1.0" complexity="0">
							<lines>
							</lines>
						</method>
						<method name="lambda$null$1" signature="(Ljava/util/function/Function;Ljava/lang/Object;)Ljava/lang/String;" line-rate="1.0" branch-rate="1.0" complexity="0">
							<lines>
							</lines>
						</method>
						<method name="lambda$null$2" signature="(Ljava/util/function/Function;Ljava/lang/Object;Lcom/github/valid8j/metamor/Dataset;)Ljava/lang/Object;" line-rate="1.0" branch-rate="1.0" complexity="0">
							<lines>
							</lines>
						</method>
					</methods>
					<lines>
						<line number="107" hits="26" branch="false"/>
						<line number="111" hits="26" branch="false"/>
						<line number="112" hits="26" branch="false"/>
						<line number="113" hits="26" branch="false"/>
						<line number="114" hits="26" branch="false"/>
						<line number="117" hits="1014" branch="false"/>
						<line number="118" hits="52" branch="false"/>
						<line number="122" hits="26" branch="false"/>
					</lines>
				</class>
				<class name="com.github.valid8j.metamor.InputResolver$Sequence$Factory$Impl" filename="com/github/valid8j/metamor/InputResolver.java" line-rate="1.0" branch-rate="1.0" complexity="0.0">
					<methods>
						<method name="&lt;init&gt;" signature="(Ljava/lang/String;Ljava/util/List;)V" line-rate="1.0" branch-rate="1.0" complexity="0">
							<lines>
								<line number="85" hits="52" branch="false"/>
								<line number="89" hits="26" branch="false"/>
								<line number="90" hits="26" branch="false"/>
							</lines>
						</method>
						<method name="&lt;init&gt;" signature="(Ljava/util/function/Supplier;Ljava/util/function/Function;I)V" line-rate="1.0" branch-rate="1.0" complexity="0">
							<lines>
								<line number="80" hits="26" branch="false"/>
								<line number="81" hits="26" branch="false"/>
								<line number="82" hits="26" branch="false"/>
							</lines>
						</method>
						<method name="count" signature="()I" line-rate="1.0" branch-rate="1.0" complexity="0">
							<lines>
								<line number="94" hits="54" branch="false"/>
							</lines>
						</method>
						<method name="lambda$new$0" signature="(Ljava/util/List;)Ljava/lang/String;" line-rate="1.0" branch-rate="1.0" complexity="0">
							<lines>
								<line number="86" hits="221" branch="false"/>
								<line number="87" hits="221" branch="false"/>
								<line number="88" hits="442" branch="false"/>
							</lines>
						</method>
						<method name="lambda$null$1" signature="(Ljava/lang/Object;Ljava/util/function/Function;)Lcom/github/valid8j/metamor/InputResolver;" line-rate="1.0" branch-rate="1.0" complexity="0">
							<lines>
								<line number="101" hits="78" branch="false"/>
							</lines>
						</method>
						<method name="lambda$toSequenceCreatorFunction$2" signature="(Ljava/lang/String;Ljava/util/List;Ljava/lang/Object;)Lcom/github/valid8j/metamor/InputResolver$Sequence;" line-rate="1.0" branch-rate="1.0" complexity="0">
							<lines>
								<line number="98" hits="78" branch="false"/>
								<line number="100" hits="26" branch="false"/>
								<line number="102" hits="26" branch="false"/>
							</lines>
						</method>
						<method name="toSequenceCreatorFunction" signature="(Ljava/lang/String;Ljava/util/List;)Ljava/util/function/Function;" line-rate="1.0" branch-rate="1.0" complexity="0">
							<lines>
							</lines>
						</method>
					</methods>
					<lines>
						<line number="80" hits="26" branch="false"/>
						<line number="81" hits="26" branch="false"/>
						<line number="82" hits="26" branch="false"/>
						<line number="85" hits="52" branch="false"/>
						<line number="86" hits="221" branch="false"/>
						<line number="87" hits="221" branch="false"/>
						<line number="88" hits="442" branch="false"/>
						<line number="89" hits="26" branch="false"/>
						<line number="90" hits="26" branch="false"/>
						<line number="94" hits="54" branch="false"/>
						<line number="98" hits="78" branch="false"/>
						<line number="100" hits="26" branch="false"/>
						<line number="101" hits="78" branch="false"/>
						<line number="102" hits="26" branch="false"/>
					</lines>
				</class>
				<class name="com.github.valid8j.metamor.InputResolver$Sequence$Impl" filename="com/github/valid8j/metamor/InputResolver.java" line-rate="0.7272727272727273" branch-rate="1.0" complexity="0.0">
					<methods>
						<method name="&lt;init&gt;" signature="(Ljava/lang/String;Ljava/util/List;)V" line-rate="1.0" branch-rate="1.0" complexity="0">
							<lines>
								<line number="28" hits="26" branch="false"/>
								<line number="29" hits="26" branch="false"/>
								<line number="30" hits="26" branch="false"/>
								<line number="31" hits="26" branch="false"/>
							</lines>
						</method>
						<method name="get" signature="(I)Lcom/github/valid8j/metamor/InputResolver;" line-rate="1.0" branch-rate="1.0" complexity="0">
							<lines>
								<line number="35" hits="364" branch="false"/>
							</lines>
						</method>
						<method name="get" signature="(I)Ljava/lang/Object;" line-rate="1.0" branch-rate="1.0" complexity="0">
							<lines>
								<line number="23" hits="364" branch="false"/>
							</lines>
						</method>
						<method name="iterator" signature="()Ljava/util/Iterator;" line-rate="0.0" branch-rate="1.0" complexity="0">
							<lines>
								<line number="55" hits="0" branch="false"/>
								<line number="66" hits="0" branch="false"/>
							</lines>
						</method>
						<method name="name" signature="()Ljava/lang/String;" line-rate="1.0" branch-rate="1.0" complexity="0">
							<lines>
								<line number="45" hits="130" branch="false"/>
							</lines>
						</method>
						<method name="size" signature="()I" line-rate="0.0" branch-rate="1.0" complexity="0">
							<lines>
								<line number="40" hits="0" branch="false"/>
							</lines>
						</method>
						<method name="toString" signature="()Ljava/lang/String;" line-rate="1.0" branch-rate="1.0" complexity="0">
							<lines>
								<line number="50" hits="104" branch="false"/>
							</lines>
						</method>
					</methods>
					<lines>
						<line number="23" hits="364" branch="false"/>
						<line number="28" hits="26" branch="false"/>
						<line number="29" hits="26" branch="false"/>
						<line number="30" hits="26" branch="false"/>
						<line number="31" hits="26" branch="false"/>
						<line number="35" hits="364" branch="false"/>
						<line number="40" hits="0" branch="false"/>
						<line number="45" hits="130" branch="false"/>
						<line number="50" hits="104" branch="false"/>
						<line number="55" hits="0" branch="false"/>
						<line number="66" hits="0" branch="false"/>
					</lines>
				</class>
				<class name="com.github.valid8j.metamor.InputResolver$Sequence$Impl$1" filename="com/github/valid8j/metamor/InputResolver.java" line-rate="0.0" branch-rate="1.0" complexity="0.0">
					<methods>
						<method name="&lt;init&gt;" signature="(Lcom/github/valid8j/metamor/InputResolver$Sequence$Impl;)V" line-rate="1.0" branch-rate="1.0" complexity="0">
							<lines>
							</lines>
						</method>
						<method name="get" signature="(I)Lcom/github/valid8j/metamor/InputResolver;" line-rate="0.0" branch-rate="1.0" complexity="0">
							<lines>
								<line number="64" hits="0" branch="false"/>
							</lines>
						</method>
						<method name="get" signature="(I)Ljava/lang/Object;" line-rate="0.0" branch-rate="1.0" complexity="0">
							<lines>
								<line number="55" hits="0" branch="false"/>
							</lines>
						</method>
						<method name="size" signature="()I" line-rate="0.0" branch-rate="1.0" complexity="0">
							<lines>
								<line number="59" hits="0" branch="false"/>
							</lines>
						</method>
					</methods>
					<lines>
						<line number="55" hits="0" branch="false"/>
						<line number="59" hits="0" branch="false"/>
						<line number="64" hits="0" branch="false"/>
					</lines>
				</class>
				<class name="com.github.valid8j.metamor.IoContext" filename="com/github/valid8j/metamor/IoContext.java" line-rate="1.0" branch-rate="1.0" complexity="0.0">
					<methods>
					</methods>
					<lines>
					</lines>
				</class>
				<class name="com.github.valid8j.metamor.IoContext$Closed" filename="com/github/valid8j/metamor/IoContext.java" line-rate="1.0" branch-rate="1.0" complexity="0.0">
					<methods>
					</methods>
					<lines>
					</lines>
				</class>
				<class name="com.github.valid8j.metamor.IoContext$Closed$Impl" filename="com/github/valid8j/metamor/IoContext.java" line-rate="1.0" branch-rate="1.0" complexity="0.0">
					<methods>
						<method name="&lt;init&gt;" signature="(Ljava/lang/String;Lcom/github/valid8j/metamor/Dataset;Lcom/github/valid8j/metamor/Dataset;)V" line-rate="1.0" branch-rate="1.0" complexity="0">
							<lines>
								<line number="75" hits="46" branch="false"/>
								<line number="76" hits="46" branch="false"/>
								<line number="77" hits="46" branch="false"/>
								<line number="78" hits="46" branch="false"/>
								<line number="79" hits="46" branch="false"/>
							</lines>
						</method>
						<method name="input" signature="()Lcom/github/valid8j/metamor/Dataset;" line-rate="1.0" branch-rate="1.0" complexity="0">
							<lines>
								<line number="88" hits="184" branch="false"/>
							</lines>
						</method>
						<method name="output" signature="()Lcom/github/valid8j/metamor/Dataset;" line-rate="1.0" branch-rate="1.0" complexity="0">
							<lines>
								<line number="93" hits="230" branch="false"/>
							</lines>
						</method>
						<method name="prefix" signature="()Ljava/lang/String;" line-rate="1.0" branch-rate="1.0" complexity="0">
							<lines>
								<line number="83" hits="184" branch="false"/>
							</lines>
						</method>
						<method name="toString" signature="()Ljava/lang/String;" line-rate="1.0" branch-rate="1.0" complexity="0">
							<lines>
								<line number="99" hits="184" branch="false"/>
							</lines>
						</method>
					</methods>
					<lines>
						<line number="75" hits="46" branch="false"/>
						<line number="76" hits="46" branch="false"/>
						<line number="77" hits="46" branch="false"/>
						<line number="78" hits="46" branch="false"/>
						<line number="79" hits="46" branch="false"/>
						<line number="83" hits="184" branch="false"/>
						<line number="88" hits="184" branch="false"/>
						<line number="93" hits="230" branch="false"/>
						<line number="99" hits="184" branch="false"/>
					</lines>
				</class>
				<class name="com.github.valid8j.metamor.IoContext$Ongoing" filename="com/github/valid8j/metamor/IoContext.java" line-rate="1.0" branch-rate="1.0" complexity="0.0">
					<methods>
					</methods>
					<lines>
					</lines>
				</class>
				<class name="com.github.valid8j.metamor.IoContext$Ongoing$Impl" filename="com/github/valid8j/metamor/IoContext.java" line-rate="1.0" branch-rate="0.75" complexity="0.0">
					<methods>
						<method name="&lt;clinit&gt;" signature="()V" line-rate="1.0" branch-rate="1.0" complexity="0">
							<lines>
								<line number="138" hits="99" branch="false"/>
							</lines>
						</method>
						<method name="&lt;init&gt;" signature="(Ljava/lang/String;Lcom/github/valid8j/metamor/Dataset;Lcom/github/valid8j/metamor/Dataset;)V" line-rate="1.0" branch-rate="1.0" complexity="0">
							<lines>
								<line number="149" hits="92" branch="false"/>
								<line number="150" hits="92" branch="false"/>
								<line number="151" hits="92" branch="false"/>
								<line number="152" hits="92" branch="false"/>
								<line number="153" hits="92" branch="false"/>
							</lines>
						</method>
						<method name="&lt;init&gt;" signature="(Ljava/lang/String;Lcom/github/valid8j/metamor/Dataset;Ljava/lang/String;)V" line-rate="1.0" branch-rate="1.0" complexity="0">
							<lines>
								<line number="143" hits="46" branch="false"/>
								<line number="144" hits="46" branch="false"/>
								<line number="145" hits="46" branch="false"/>
								<line number="146" hits="46" branch="false"/>
								<line number="147" hits="46" branch="false"/>
							</lines>
						</method>
						<method name="input" signature="()Lcom/github/valid8j/metamor/Dataset;" line-rate="1.0" branch-rate="1.0" complexity="0">
							<lines>
								<line number="162" hits="276" branch="false"/>
							</lines>
						</method>
						<method name="output" signature="()Lcom/github/valid8j/metamor/Dataset$OnGoing;" line-rate="1.0" branch-rate="0.5" complexity="0">
							<lines>
								<line number="167" hits="328" branch="true" condition-coverage="50% (2/4)">
									<conditions>
										<condition number="0" type="jump" coverage="50%"/>
										<condition number="1" type="jump" coverage="50%"/>
									</conditions>
								</line>
								<line number="168" hits="328" branch="false"/>
							</lines>
						</method>
						<method name="output" signature="()Lcom/github/valid8j/metamor/Dataset;" line-rate="1.0" branch-rate="1.0" complexity="0">
							<lines>
							</lines>
						</method>
						<method name="prefix" signature="()Ljava/lang/String;" line-rate="1.0" branch-rate="1.0" complexity="0">
							<lines>
								<line number="157" hits="184" branch="false"/>
							</lines>
						</method>
						<method name="snapshot" signature="()Ljava/lang/Object;" line-rate="1.0" branch-rate="1.0" complexity="0">
							<lines>
								<line number="173" hits="414" branch="true" condition-coverage="100% (2/2)">
									<conditions>
										<condition number="0" type="jump" coverage="100%"/>
									</conditions>
								</line>
								<line number="174" hits="92" branch="false"/>
								<line number="180" hits="322" branch="false"/>
							</lines>
						</method>
						<method name="toString" signature="()Ljava/lang/String;" line-rate="1.0" branch-rate="1.0" complexity="0">
							<lines>
								<line number="185" hits="322" branch="true" condition-coverage="100% (2/2)">
									<conditions>
										<condition number="0" type="jump" coverage="100%"/>
									</conditions>
								</line>
								<line number="186" hits="92" branch="false"/>
								<line number="187" hits="230" branch="false"/>
							</lines>
						</method>
					</methods>
					<lines>
						<line number="138" hits="99" branch="false"/>
						<line number="143" hits="46" branch="false"/>
						<line number="144" hits="46" branch="false"/>
						<line number="145" hits="46" branch="false"/>
						<line number="146" hits="46" branch="false"/>
						<line number="147" hits="46" branch="false"/>
						<line number="149" hits="92" branch="false"/>
						<line number="150" hits="92" branch="false"/>
						<line number="151" hits="92" branch="false"/>
						<line number="152" hits="92" branch="false"/>
						<line number="153" hits="92" branch="false"/>
						<line number="157" hits="184" branch="false"/>
						<line number="162" hits="276" branch="false"/>
						<line number="167" hits="328" branch="true" condition-coverage="50% (2/4)">
							<conditions>
								<condition number="0" type="jump" coverage="50%"/>
								<condition number="1" type="jump" coverage="50%"/>
							</conditions>
						</line>
						<line number="168" hits="328" branch="false"/>
						<line number="173" hits="414" branch="true" condition-coverage="100% (2/2)">
							<conditions>
								<condition number="0" type="jump" coverage="100%"/>
							</conditions>
						</line>
						<line number="174" hits="92" branch="false"/>
						<line number="180" hits="322" branch="false"/>
						<line number="185" hits="322" branch="true" condition-coverage="100% (2/2)">
							<conditions>
								<condition number="0" type="jump" coverage="100%"/>
							</conditions>
						</line>
						<line number="186" hits="92" branch="false"/>
						<line number="187" hits="230" branch="false"/>
					</lines>
				</class>
				<class name="com.github.valid8j.metamor.IoContext$Ongoing$Impl$1" filename="com/github/valid8j/metamor/IoContext.java" line-rate="1.0" branch-rate="1.0" complexity="0.0">
					<methods>
						<method name="&lt;init&gt;" signature="(Lcom/github/valid8j/metamor/IoContext$Ongoing$Impl;)V" line-rate="1.0" branch-rate="1.0" complexity="0">
							<lines>
								<line number="174" hits="92" branch="false"/>
							</lines>
						</method>
						<method name="toString" signature="()Ljava/lang/String;" line-rate="1.0" branch-rate="1.0" complexity="0">
							<lines>
								<line number="177" hits="46" branch="false"/>
							</lines>
						</method>
					</methods>
					<lines>
						<line number="174" hits="92" branch="false"/>
						<line number="177" hits="46" branch="false"/>
					</lines>
				</class>
				<class name="com.github.valid8j.metamor.IoContext$Ongoing$Snapshot" filename="com/github/valid8j/metamor/IoContext.java" line-rate="0.8571428571428571" branch-rate="1.0" complexity="0.0">
					<methods>
						<method name="&lt;init&gt;" signature="(Ljava/lang/Object;Ljava/lang/Object;)V" line-rate="1.0" branch-rate="1.0" complexity="0">
							<lines>
								<line number="120" hits="322" branch="false"/>
								<line number="121" hits="322" branch="false"/>
								<line number="122" hits="322" branch="false"/>
								<line number="123" hits="322" branch="false"/>
							</lines>
						</method>
						<method name="in" signature="()Ljava/lang/Object;" line-rate="1.0" branch-rate="1.0" complexity="0">
							<lines>
								<line number="126" hits="138" branch="false"/>
							</lines>
						</method>
						<method name="out" signature="()Ljava/lang/Object;" line-rate="1.0" branch-rate="1.0" complexity="0">
							<lines>
								<line number="130" hits="92" branch="false"/>
							</lines>
						</method>
						<method name="toString" signature="()Ljava/lang/String;" line-rate="0.0" branch-rate="1.0" complexity="0">
							<lines>
								<line number="134" hits="0" branch="false"/>
							</lines>
						</method>
					</methods>
					<lines>
						<line number="120" hits="322" branch="false"/>
						<line number="121" hits="322" branch="false"/>
						<line number="122" hits="322" branch="false"/>
						<line number="123" hits="322" branch="false"/>
						<line number="126" hits="138" branch="false"/>
						<line number="130" hits="92" branch="false"/>
						<line number="134" hits="0" branch="false"/>
					</lines>
				</class>
				<class name="com.github.valid8j.metamor.IoContext$Utils" filename="com/github/valid8j/metamor/IoContext.java" line-rate="1.0" branch-rate="0.75" complexity="0.0">
					<methods>
						<method name="&lt;clinit&gt;" signature="()V" line-rate="1.0" branch-rate="1.0" complexity="0">
							<lines>
								<line number="23" hits="1" branch="false"/>
							</lines>
						</method>
						<method name="&lt;init&gt;" signature="(Ljava/lang/String;I)V" line-rate="1.0" branch-rate="1.0" complexity="0">
							<lines>
							</lines>
						</method>
						<method name="getOngoingOngoingFunction" signature="(Ljava/util/function/Function;ILjava/util/function/IntFunction;)Ljava/util/function/Function;" line-rate="1.0" branch-rate="1.0" complexity="0">
							<lines>
								<line number="49" hits="92" branch="false"/>
							</lines>
						</method>
						<method name="lambda$getOngoingOngoingFunction$1" signature="(Ljava/util/function/Function;Ljava/util/function/IntFunction;I)Ljava/lang/String;" line-rate="1.0" branch-rate="1.0" complexity="0">
							<lines>
								<line number="50" hits="782" branch="false"/>
							</lines>
						</method>
						<method name="lambda$getOngoingOngoingFunction$2" signature="(ILjava/util/function/Function;Lcom/github/valid8j/metamor/IoContext$Ongoing;)Lcom/github/valid8j/metamor/IoContext$Ongoing;" line-rate="1.0" branch-rate="1.0" complexity="0">
							<lines>
								<line number="52" hits="92" branch="false"/>
								<line number="53" hits="92" branch="false"/>
								<line number="54" hits="92" branch="false"/>
								<line number="55" hits="92" branch="false"/>
							</lines>
						</method>
						<method name="lambda$toCloseFunction$3" signature="(Ljava/lang/String;)Ljava/lang/String;" line-rate="1.0" branch-rate="1.0" complexity="0">
							<lines>
								<line number="61" hits="437" branch="false"/>
							</lines>
						</method>
						<method name="lambda$toContextFunction$0" signature="(Ljava/lang/String;Ljava/lang/String;Lcom/github/valid8j/metamor/Dataset;)Lcom/github/valid8j/metamor/IoContext$Ongoing;" line-rate="1.0" branch-rate="1.0" complexity="0">
							<lines>
								<line number="27" hits="92" branch="false"/>
							</lines>
						</method>
						<method name="lambda$toOutputExtractorFunction$4" signature="(Ljava/lang/String;)Ljava/lang/String;" line-rate="1.0" branch-rate="1.0" complexity="0">
							<lines>
								<line number="65" hits="437" branch="false"/>
							</lines>
						</method>
						<method name="mapperToEndomorphicProcessor" signature="(Ljava/util/function/Function;ILjava/util/function/IntFunction;)Ljava/util/function/Function;" line-rate="1.0" branch-rate="1.0" complexity="0">
							<lines>
								<line number="45" hits="92" branch="false"/>
							</lines>
						</method>
						<method name="toCloseFunction" signature="(Ljava/lang/String;)Ljava/util/function/Function;" line-rate="1.0" branch-rate="1.0" complexity="0">
							<lines>
							</lines>
						</method>
						<method name="toContextEndomorphicFunction" signature="(Ljava/util/function/Function;ILjava/util/function/IntFunction;)Ljava/util/function/Function;" line-rate="1.0" branch-rate="0.75" complexity="0">
							<lines>
								<line number="31" hits="46" branch="false"/>
								<line number="32" hits="46" branch="false"/>
								<line number="33" hits="138" branch="true" condition-coverage="100% (2/2)">
									<conditions>
										<condition number="0" type="jump" coverage="100%"/>
									</conditions>
								</line>
								<line number="34" hits="92" branch="false"/>
								<line number="35" hits="92" branch="true" condition-coverage="100% (2/2)">
									<conditions>
										<condition number="0" type="jump" coverage="100%"/>
									</conditions>
								</line>
								<line number="36" hits="46" branch="false"/>
								<line number="38" hits="46" branch="false"/>
								<line number="40" hits="46" branch="true" condition-coverage="50% (2/4)">
									<conditions>
										<condition number="0" type="jump" coverage="50%"/>
										<condition number="1" type="jump" coverage="50%"/>
									</conditions>
								</line>
								<line number="41" hits="46" branch="false"/>
							</lines>
						</method>
						<method name="toContextFunction" signature="(Ljava/lang/String;Ljava/lang/String;)Ljava/util/function/Function;" line-rate="1.0" branch-rate="1.0" complexity="0">
							<lines>
							</lines>
						</method>
						<method name="toOutputExtractorFunction" signature="(Ljava/lang/String;)Ljava/util/function/Function;" line-rate="1.0" branch-rate="1.0" complexity="0">
							<lines>
							</lines>
						</method>
						<method name="valueOf" signature="(Ljava/lang/String;)Lcom/github/valid8j/metamor/IoContext$Utils;" line-rate="1.0" branch-rate="1.0" complexity="0">
							<lines>
							</lines>
						</method>
						<method name="values" signature="()[Lcom/github/valid8j/metamor/IoContext$Utils;" line-rate="1.0" branch-rate="1.0" complexity="0">
							<lines>
							</lines>
						</method>
					</methods>
					<lines>
						<line number="23" hits="1" branch="false"/>
						<line number="27" hits="92" branch="false"/>
						<line number="31" hits="46" branch="false"/>
						<line number="32" hits="46" branch="false"/>
						<line number="33" hits="138" branch="true" condition-coverage="100% (2/2)">
							<conditions>
								<condition number="0" type="jump" coverage="100%"/>
							</conditions>
						</line>
						<line number="34" hits="92" branch="false"/>
						<line number="35" hits="92" branch="true" condition-coverage="100% (2/2)">
							<conditions>
								<condition number="0" type="jump" coverage="100%"/>
							</conditions>
						</line>
						<line number="36" hits="46" branch="false"/>
						<line number="38" hits="46" branch="false"/>
						<line number="40" hits="46" branch="true" condition-coverage="50% (2/4)">
							<conditions>
								<condition number="0" type="jump" coverage="50%"/>
								<condition number="1" type="jump" coverage="50%"/>
							</conditions>
						</line>
						<line number="41" hits="46" branch="false"/>
						<line number="45" hits="92" branch="false"/>
						<line number="49" hits="92" branch="false"/>
						<line number="50" hits="782" branch="false"/>
						<line number="52" hits="92" branch="false"/>
						<line number="53" hits="92" branch="false"/>
						<line number="54" hits="92" branch="false"/>
						<line number="55" hits="92" branch="false"/>
						<line number="61" hits="437" branch="false"/>
						<line number="65" hits="437" branch="false"/>
					</lines>
				</class>
				<class name="com.github.valid8j.metamor.IoPair" filename="com/github/valid8j/metamor/IoPair.java" line-rate="1.0" branch-rate="1.0" complexity="1.0">
					<methods>
					</methods>
					<lines>
					</lines>
				</class>
				<class name="com.github.valid8j.metamor.IoPair$Impl" filename="com/github/valid8j/metamor/IoPair.java" line-rate="0.8571428571428571" branch-rate="1.0" complexity="1.0">
					<methods>
						<method name="&lt;init&gt;" signature="(Ljava/lang/Object;Ljava/lang/Object;)V" line-rate="1.0" branch-rate="1.0" complexity="0">
							<lines>
								<line number="13" hits="52" branch="false"/>
								<line number="14" hits="52" branch="false"/>
								<line number="15" hits="52" branch="false"/>
								<line number="16" hits="52" branch="false"/>
							</lines>
						</method>
						<method name="input" signature="()Ljava/lang/Object;" line-rate="0.0" branch-rate="1.0" complexity="0">
							<lines>
								<line number="20" hits="0" branch="false"/>
							</lines>
						</method>
						<method name="output" signature="()Ljava/lang/Object;" line-rate="1.0" branch-rate="1.0" complexity="0">
							<lines>
								<line number="25" hits="52" branch="false"/>
							</lines>
						</method>
						<method name="toString" signature="()Ljava/lang/String;" line-rate="1.0" branch-rate="1.0" complexity="0">
							<lines>
								<line number="29" hits="726" branch="false"/>
							</lines>
						</method>
					</methods>
					<lines>
						<line number="13" hits="52" branch="false"/>
						<line number="14" hits="52" branch="false"/>
						<line number="15" hits="52" branch="false"/>
						<line number="16" hits="52" branch="false"/>
						<line number="20" hits="0" branch="false"/>
						<line number="25" hits="52" branch="false"/>
						<line number="29" hits="726" branch="false"/>
					</lines>
				</class>
				<class name="com.github.valid8j.metamor.MetamorphicTestCaseFactory$BuilderBase$1" filename="com/github/valid8j/metamor/MetamorphicTestCaseFactory.java" line-rate="0.75" branch-rate="1.0" complexity="0.0">
					<methods>
						<method name="&lt;init&gt;" signature="(Lcom/github/valid8j/metamor/MetamorphicTestCaseFactory$BuilderBase;Lcom/github/valid8j/metamor/MetamorphicTestCaseFactory$BuilderBase;Lcom/github/valid8j/metamor/InputResolver$Sequence$Factory;)V" line-rate="1.0" branch-rate="1.0" complexity="0">
							<lines>
							</lines>
						</method>
						<method name="add" signature="(Ljava/util/function/Function;Ljava/util/function/Function;)V" line-rate="0.0" branch-rate="1.0" complexity="0">
							<lines>
								<line number="234" hits="0" branch="false"/>
							</lines>
						</method>
						<method name="count" signature="()I" line-rate="1.0" branch-rate="1.0" complexity="0">
							<lines>
								<line number="239" hits="8" branch="false"/>
							</lines>
						</method>
						<method name="get" signature="()Lcom/github/valid8j/metamor/InputResolver$Sequence$Factory;" line-rate="1.0" branch-rate="1.0" complexity="0">
							<lines>
								<line number="229" hits="16" branch="false"/>
							</lines>
						</method>
						<method name="get" signature="()Ljava/lang/Object;" line-rate="1.0" branch-rate="1.0" complexity="0">
							<lines>
								<line number="225" hits="32" branch="false"/>
							</lines>
						</method>
					</methods>
					<lines>
						<line number="225" hits="32" branch="false"/>
						<line number="229" hits="16" branch="false"/>
						<line number="234" hits="0" branch="false"/>
						<line number="239" hits="8" branch="false"/>
					</lines>
				</class>
				<class name="com.github.valid8j.metamor.MetamorphicTestCaseFactory$BuilderBase$2" filename="com/github/valid8j/metamor/MetamorphicTestCaseFactory.java" line-rate="1.0" branch-rate="1.0" complexity="0.0">
					<methods>
						<method name="&lt;init&gt;" signature="(Lcom/github/valid8j/metamor/MetamorphicTestCaseFactory$BuilderBase;Lcom/github/valid8j/metamor/MetamorphicTestCaseFactory$BuilderBase;)V" line-rate="1.0" branch-rate="1.0" complexity="0">
							<lines>
								<line number="259" hits="10" branch="false"/>
								<line number="260" hits="10" branch="false"/>
							</lines>
						</method>
						<method name="add" signature="(Ljava/util/function/Function;Ljava/util/function/Function;)V" line-rate="1.0" branch-rate="1.0" complexity="0">
							<lines>
								<line number="266" hits="20" branch="false"/>
								<line number="267" hits="20" branch="false"/>
							</lines>
						</method>
						<method name="count" signature="()I" line-rate="1.0" branch-rate="1.0" complexity="0">
							<lines>
								<line number="271" hits="8" branch="false"/>
							</lines>
						</method>
						<method name="get" signature="()Lcom/github/valid8j/metamor/InputResolver$Sequence$Factory;" line-rate="1.0" branch-rate="1.0" complexity="0">
							<lines>
								<line number="276" hits="10" branch="false"/>
								<line number="277" hits="10" branch="false"/>
								<line number="278" hits="10" branch="false"/>
							</lines>
						</method>
						<method name="get" signature="()Ljava/lang/Object;" line-rate="1.0" branch-rate="1.0" complexity="0">
							<lines>
								<line number="258" hits="20" branch="false"/>
							</lines>
						</method>
						<method name="lambda$$0" signature="(Lcom/github/valid8j/metamor/InputResolver$Sequence$Factory$Builder;)V" line-rate="1.0" branch-rate="1.0" complexity="0">
							<lines>
								<line number="261" hits="10" branch="false"/>
							</lines>
						</method>
						<method name="lambda$add$1" signature="(Ljava/util/function/Function;Ljava/util/function/Function;Lcom/github/valid8j/metamor/InputResolver$Sequence$Factory$Builder;)V" line-rate="1.0" branch-rate="1.0" complexity="0">
							<lines>
								<line number="265" hits="40" branch="false"/>
							</lines>
						</method>
					</methods>
					<lines>
						<line number="258" hits="20" branch="false"/>
						<line number="259" hits="10" branch="false"/>
						<line number="260" hits="10" branch="false"/>
						<line number="261" hits="10" branch="false"/>
						<line number="265" hits="40" branch="false"/>
						<line number="266" hits="20" branch="false"/>
						<line number="267" hits="20" branch="false"/>
						<line number="271" hits="8" branch="false"/>
						<line number="276" hits="10" branch="false"/>
						<line number="277" hits="10" branch="false"/>
						<line number="278" hits="10" branch="false"/>
					</lines>
				</class>
				<class name="com.github.valid8j.metamor.MetamorphicTestCaseFactory$BuilderBase$InputResolverSequenceFactoryProvider" filename="com/github/valid8j/metamor/MetamorphicTestCaseFactory.java" line-rate="1.0" branch-rate="1.0" complexity="0.0">
					<methods>
						<method name="&lt;init&gt;" signature="(Lcom/github/valid8j/metamor/MetamorphicTestCaseFactory$BuilderBase;)V" line-rate="1.0" branch-rate="1.0" complexity="0">
							<lines>
								<line number="151" hits="26" branch="false"/>
								<line number="152" hits="26" branch="false"/>
								<line number="153" hits="26" branch="false"/>
							</lines>
						</method>
					</methods>
					<lines>
						<line number="151" hits="26" branch="false"/>
						<line number="152" hits="26" branch="false"/>
						<line number="153" hits="26" branch="false"/>
					</lines>
				</class>
				<class name="com.github.valid8j.metamor.MetamorphicTestCaseFactory$Impl" filename="com/github/valid8j/metamor/MetamorphicTestCaseFactory.java" line-rate="1.0" branch-rate="1.0" complexity="0.0">
					<methods>
						<method name="&lt;init&gt;" signature="(Ljava/util/function/Function;Lcom/github/valid8j/metamor/InputResolver$Sequence$Factory;Ljava/util/function/Function;Ljava/util/function/Predicate;Ljava/lang/String;Ljava/lang/String;)V" line-rate="1.0" branch-rate="1.0" complexity="0">
							<lines>
								<line number="106" hits="6" branch="false"/>
								<line number="107" hits="6" branch="false"/>
								<line number="108" hits="6" branch="false"/>
								<line number="109" hits="6" branch="false"/>
								<line number="110" hits="6" branch="false"/>
								<line number="111" hits="6" branch="false"/>
								<line number="112" hits="6" branch="false"/>
								<line number="113" hits="6" branch="false"/>
							</lines>
						</method>
						<method name="fut" signature="()Ljava/util/function/Function;" line-rate="1.0" branch-rate="1.0" complexity="0">
							<lines>
								<line number="117" hits="114" branch="false"/>
							</lines>
						</method>
						<method name="inputResolverSequenceFactory" signature="()Lcom/github/valid8j/metamor/InputResolver$Sequence$Factory;" line-rate="1.0" branch-rate="1.0" complexity="0">
							<lines>
								<line number="122" hits="12" branch="false"/>
							</lines>
						</method>
						<method name="inputVariableName" signature="()Ljava/lang/String;" line-rate="1.0" branch-rate="1.0" complexity="0">
							<lines>
								<line number="137" hits="102" branch="false"/>
							</lines>
						</method>
						<method name="ioVariableName" signature="()Ljava/lang/String;" line-rate="1.0" branch-rate="1.0" complexity="0">
							<lines>
								<line number="142" hits="6" branch="false"/>
							</lines>
						</method>
						<method name="metamorphicChecker" signature="()Ljava/util/function/Predicate;" line-rate="1.0" branch-rate="1.0" complexity="0">
							<lines>
								<line number="132" hits="6" branch="false"/>
							</lines>
						</method>
						<method name="metamorphicTransformer" signature="()Ljava/util/function/Function;" line-rate="1.0" branch-rate="1.0" complexity="0">
							<lines>
								<line number="127" hits="6" branch="false"/>
							</lines>
						</method>
					</methods>
					<lines>
						<line number="106" hits="6" branch="false"/>
						<line number="107" hits="6" branch="false"/>
						<line number="108" hits="6" branch="false"/>
						<line number="109" hits="6" branch="false"/>
						<line number="110" hits="6" branch="false"/>
						<line number="111" hits="6" branch="false"/>
						<line number="112" hits="6" branch="false"/>
						<line number="113" hits="6" branch="false"/>
						<line number="117" hits="114" branch="false"/>
						<line number="122" hits="12" branch="false"/>
						<line number="127" hits="6" branch="false"/>
						<line number="132" hits="6" branch="false"/>
						<line number="137" hits="102" branch="false"/>
						<line number="142" hits="6" branch="false"/>
					</lines>
				</class>
				<class name="com.github.valid8j.metamor.MetamorphicTestCaseFactoryWithPreformer" filename="com/github/valid8j/metamor/MetamorphicTestCaseFactoryWithPreformer.java" line-rate="1.0" branch-rate="1.0" complexity="0.0">
					<methods>
					</methods>
					<lines>
					</lines>
				</class>
				<class name="com.github.valid8j.metamor.MetamorphicTestCaseFactoryWithPreformer$Impl" filename="com/github/valid8j/metamor/MetamorphicTestCaseFactoryWithPreformer.java" line-rate="0.9444444444444444" branch-rate="1.0" complexity="0.0">
					<methods>
						<method name="&lt;init&gt;" signature="(Ljava/util/function/Function;Lcom/github/valid8j/metamor/InputResolver$Sequence$Factory;Ljava/util/function/Function;Ljava/util/function/Function;Ljava/util/function/Predicate;Ljava/lang/String;Ljava/lang/String;)V" line-rate="1.0" branch-rate="1.0" complexity="0">
							<lines>
								<line number="55" hits="20" branch="false"/>
								<line number="56" hits="20" branch="false"/>
								<line number="57" hits="20" branch="false"/>
								<line number="58" hits="20" branch="false"/>
								<line number="59" hits="20" branch="false"/>
								<line number="60" hits="20" branch="false"/>
								<line number="61" hits="20" branch="false"/>
								<line number="62" hits="20" branch="false"/>
								<line number="63" hits="20" branch="false"/>
							</lines>
						</method>
						<method name="fut" signature="()Ljava/util/function/Function;" line-rate="1.0" branch-rate="1.0" complexity="0">
							<lines>
								<line number="68" hits="380" branch="false"/>
							</lines>
						</method>
						<method name="inputResolverSequenceFactory" signature="()Lcom/github/valid8j/metamor/InputResolver$Sequence$Factory;" line-rate="1.0" branch-rate="1.0" complexity="0">
							<lines>
								<line number="73" hits="60" branch="false"/>
							</lines>
						</method>
						<method name="inputVariableName" signature="()Ljava/lang/String;" line-rate="0.0" branch-rate="1.0" complexity="0">
							<lines>
								<line number="93" hits="0" branch="false"/>
							</lines>
						</method>
						<method name="inputVariableNameFormatter" signature="()Ljava/util/function/IntFunction;" line-rate="1.0" branch-rate="1.0" complexity="0">
							<lines>
							</lines>
						</method>
						<method name="ioVariableName" signature="()Ljava/lang/String;" line-rate="1.0" branch-rate="1.0" complexity="0">
							<lines>
								<line number="103" hits="40" branch="false"/>
							</lines>
						</method>
						<method name="ioVariableNameFormatter" signature="()Ljava/util/function/IntFunction;" line-rate="1.0" branch-rate="1.0" complexity="0">
							<lines>
							</lines>
						</method>
						<method name="lambda$inputVariableNameFormatter$1" signature="(I)Ljava/lang/String;" line-rate="1.0" branch-rate="1.0" complexity="0">
							<lines>
								<line number="98" hits="360" branch="false"/>
							</lines>
						</method>
						<method name="lambda$ioVariableNameFormatter$2" signature="(I)Ljava/lang/String;" line-rate="1.0" branch-rate="1.0" complexity="0">
							<lines>
								<line number="108" hits="360" branch="false"/>
							</lines>
						</method>
						<method name="lambda$metamorphicReducer$0" signature="()Ljava/lang/String;" line-rate="1.0" branch-rate="1.0" complexity="0">
							<lines>
								<line number="83" hits="190" branch="false"/>
							</lines>
						</method>
						<method name="metamorphicChecker" signature="()Ljava/util/function/Predicate;" line-rate="1.0" branch-rate="1.0" complexity="0">
							<lines>
								<line number="88" hits="20" branch="false"/>
							</lines>
						</method>
						<method name="metamorphicPreformer" signature="()Ljava/util/function/Function;" line-rate="1.0" branch-rate="1.0" complexity="0">
							<lines>
								<line number="78" hits="20" branch="false"/>
							</lines>
						</method>
						<method name="metamorphicReducer" signature="()Ljava/util/function/Function;" line-rate="1.0" branch-rate="1.0" complexity="0">
							<lines>
							</lines>
						</method>
					</methods>
					<lines>
						<line number="55" hits="20" branch="false"/>
						<line number="56" hits="20" branch="false"/>
						<line number="57" hits="20" branch="false"/>
						<line number="58" hits="20" branch="false"/>
						<line number="59" hits="20" branch="false"/>
						<line number="60" hits="20" branch="false"/>
						<line number="61" hits="20" branch="false"/>
						<line number="62" hits="20" branch="false"/>
						<line number="63" hits="20" branch="false"/>
						<line number="68" hits="380" branch="false"/>
						<line number="73" hits="60" branch="false"/>
						<line number="78" hits="20" branch="false"/>
						<line number="83" hits="190" branch="false"/>
						<line number="88" hits="20" branch="false"/>
						<line number="93" hits="0" branch="false"/>
						<line number="98" hits="360" branch="false"/>
						<line number="103" hits="40" branch="false"/>
						<line number="108" hits="360" branch="false"/>
					</lines>
				</class>
				<class name="com.github.valid8j.metamor.Proposition" filename="com/github/valid8j/metamor/Proposition.java" line-rate="1.0" branch-rate="1.0" complexity="0.0">
					<methods>
					</methods>
					<lines>
					</lines>
				</class>
				<class name="com.github.valid8j.metamor.Proposition$Factory" filename="com/github/valid8j/metamor/Proposition.java" line-rate="1.0" branch-rate="1.0" complexity="0.0">
					<methods>
					</methods>
					<lines>
					</lines>
				</class>
				<class name="com.github.valid8j.metamor.PropositionPredicate" filename="com/github/valid8j/metamor/PropositionPredicate.java" line-rate="1.0" branch-rate="1.0" complexity="0.0">
					<methods>
						<method name="&lt;clinit&gt;" signature="()V" line-rate="1.0" branch-rate="1.0" complexity="0">
							<lines>
								<line number="11" hits="1" branch="false"/>
							</lines>
						</method>
						<method name="&lt;init&gt;" signature="()V" line-rate="1.0" branch-rate="1.0" complexity="0">
							<lines>
								<line number="15" hits="1" branch="false"/>
							</lines>
						</method>
						<method name="lambda$new$0" signature="()Ljava/lang/String;" line-rate="1.0" branch-rate="1.0" complexity="0">
							<lines>
								<line number="14" hits="118" branch="false"/>
							</lines>
						</method>
						<method name="predicate" signature="()Ljava/util/function/Predicate;" line-rate="1.0" branch-rate="1.0" complexity="0">
							<lines>
								<line number="19" hits="18" branch="false"/>
							</lines>
						</method>
					</methods>
					<lines>
						<line number="11" hits="1" branch="false"/>
						<line number="14" hits="118" branch="false"/>
						<line number="15" hits="1" branch="false"/>
						<line number="19" hits="18" branch="false"/>
					</lines>
				</class>
				<class name="com.github.valid8j.metamor.Utils" filename="com/github/valid8j/metamor/Utils.java" line-rate="0.42857142857142855" branch-rate="0.25" complexity="3.0">
					<methods>
						<method name="&lt;clinit&gt;" signature="()V" line-rate="1.0" branch-rate="1.0" complexity="0">
							<lines>
								<line number="3" hits="1" branch="false"/>
							</lines>
						</method>
						<method name="&lt;init&gt;" signature="(Ljava/lang/String;I)V" line-rate="1.0" branch-rate="1.0" complexity="0">
							<lines>
							</lines>
						</method>
						<method name="requireArgument" signature="(ZLjava/lang/String;)V" line-rate="0.0" branch-rate="0.0" complexity="0">
							<lines>
								<line number="11" hits="0" branch="true" condition-coverage="0% (0/2)">
									<conditions>
										<condition number="0" type="jump" coverage="0%"/>
									</conditions>
								</line>
								<line number="12" hits="0" branch="false"/>
								<line number="13" hits="0" branch="false"/>
							</lines>
						</method>
						<method name="requireState" signature="(ZLjava/lang/String;)V" line-rate="0.6666666666666666" branch-rate="0.5" complexity="0">
							<lines>
								<line number="7" hits="16" branch="true" condition-coverage="50% (1/2)">
									<conditions>
										<condition number="0" type="jump" coverage="50%"/>
									</conditions>
								</line>
								<line number="8" hits="0" branch="false"/>
								<line number="9" hits="16" branch="false"/>
							</lines>
						</method>
						<method name="valueOf" signature="(Ljava/lang/String;)Lcom/github/valid8j/metamor/Utils;" line-rate="1.0" branch-rate="1.0" complexity="0">
							<lines>
							</lines>
						</method>
						<method name="values" signature="()[Lcom/github/valid8j/metamor/Utils;" line-rate="1.0" branch-rate="1.0" complexity="0">
							<lines>
							</lines>
						</method>
					</methods>
					<lines>
						<line number="3" hits="1" branch="false"/>
						<line number="7" hits="16" branch="true" condition-coverage="50% (1/2)">
							<conditions>
								<condition number="0" type="jump" coverage="50%"/>
							</conditions>
						</line>
						<line number="8" hits="0" branch="false"/>
						<line number="9" hits="16" branch="false"/>
						<line number="11" hits="0" branch="true" condition-coverage="0% (0/2)">
							<conditions>
								<condition number="0" type="jump" coverage="0%"/>
							</conditions>
						</line>
						<line number="12" hits="0" branch="false"/>
						<line number="13" hits="0" branch="false"/>
					</lines>
				</class>
			</classes>
		</package>
		<package name="com.github.valid8j.metamor.internals" line-rate="1.0" branch-rate="1.0" complexity="1.0">
			<classes>
				<class name="com.github.valid8j.metamor.internals.InternalUtils" filename="com/github/valid8j/metamor/internals/InternalUtils.java" line-rate="1.0" branch-rate="1.0" complexity="1.0">
					<methods>
						<method name="&lt;clinit&gt;" signature="()V" line-rate="1.0" branch-rate="1.0" complexity="0">
							<lines>
								<line number="9" hits="1" branch="false"/>
							</lines>
						</method>
						<method name="&lt;init&gt;" signature="(Ljava/lang/String;I)V" line-rate="1.0" branch-rate="1.0" complexity="0">
							<lines>
							</lines>
						</method>
						<method name="createObservableProcessingPipeline" signature="(Ljava/lang/String;Ljava/util/function/Function;ILjava/util/function/IntFunction;Ljava/lang/String;)Ljava/util/function/Function;" line-rate="1.0" branch-rate="1.0" complexity="0">
							<lines>
								<line number="13" hits="92" branch="false"/>
								<line number="14" hits="46" branch="false"/>
								<line number="15" hits="46" branch="false"/>
								<line number="16" hits="46" branch="false"/>
							</lines>
						</method>
						<method name="valueOf" signature="(Ljava/lang/String;)Lcom/github/valid8j/metamor/internals/InternalUtils;" line-rate="1.0" branch-rate="1.0" complexity="0">
							<lines>
							</lines>
						</method>
						<method name="values" signature="()[Lcom/github/valid8j/metamor/internals/InternalUtils;" line-rate="1.0" branch-rate="1.0" complexity="0">
							<lines>
							</lines>
						</method>
					</methods>
					<lines>
						<line number="9" hits="1" branch="false"/>
						<line number="13" hits="92" branch="false"/>
						<line number="14" hits="46" branch="false"/>
						<line number="15" hits="46" branch="false"/>
						<line number="16" hits="46" branch="false"/>
					</lines>
				</class>
			</classes>
		</package>
		<package name="com.github.valid8j.pcond.core" line-rate="0.9198813056379822" branch-rate="0.7685185185185185" complexity="1.5161290322580645">
			<classes>
				<class name="com.github.valid8j.pcond.core.Evaluable" filename="com/github/valid8j/pcond/core/Evaluable.java" line-rate="1.0" branch-rate="1.0" complexity="0.0">
					<methods>
					</methods>
					<lines>
					</lines>
				</class>
				<class name="com.github.valid8j.pcond.core.Evaluable$Composite" filename="com/github/valid8j/pcond/core/Evaluable.java" line-rate="1.0" branch-rate="1.0" complexity="0.0">
					<methods>
					</methods>
					<lines>
					</lines>
				</class>
				<class name="com.github.valid8j.pcond.core.Evaluable$Conjunction" filename="com/github/valid8j/pcond/core/Evaluable.java" line-rate="1.0" branch-rate="1.0" complexity="0.0">
					<methods>
					</methods>
					<lines>
					</lines>
				</class>
				<class name="com.github.valid8j.pcond.core.Evaluable$CurriedContextPred" filename="com/github/valid8j/pcond/core/Evaluable.java" line-rate="1.0" branch-rate="1.0" complexity="0.0">
					<methods>
					</methods>
					<lines>
					</lines>
				</class>
				<class name="com.github.valid8j.pcond.core.Evaluable$Disjunction" filename="com/github/valid8j/pcond/core/Evaluable.java" line-rate="1.0" branch-rate="1.0" complexity="0.0">
					<methods>
					</methods>
					<lines>
					</lines>
				</class>
				<class name="com.github.valid8j.pcond.core.Evaluable$Func" filename="com/github/valid8j/pcond/core/Evaluable.java" line-rate="1.0" branch-rate="1.0" complexity="0.0">
					<methods>
					</methods>
					<lines>
					</lines>
				</class>
				<class name="com.github.valid8j.pcond.core.Evaluable$LeafPred" filename="com/github/valid8j/pcond/core/Evaluable.java" line-rate="1.0" branch-rate="1.0" complexity="0.0">
					<methods>
					</methods>
					<lines>
					</lines>
				</class>
				<class name="com.github.valid8j.pcond.core.Evaluable$Negation" filename="com/github/valid8j/pcond/core/Evaluable.java" line-rate="1.0" branch-rate="1.0" complexity="0.0">
					<methods>
					</methods>
					<lines>
					</lines>
				</class>
				<class name="com.github.valid8j.pcond.core.Evaluable$Pred" filename="com/github/valid8j/pcond/core/Evaluable.java" line-rate="1.0" branch-rate="1.0" complexity="0.0">
					<methods>
					</methods>
					<lines>
					</lines>
				</class>
				<class name="com.github.valid8j.pcond.core.Evaluable$StreamPred" filename="com/github/valid8j/pcond/core/Evaluable.java" line-rate="1.0" branch-rate="1.0" complexity="0.0">
					<methods>
					</methods>
					<lines>
					</lines>
				</class>
				<class name="com.github.valid8j.pcond.core.Evaluable$Transformation" filename="com/github/valid8j/pcond/core/Evaluable.java" line-rate="1.0" branch-rate="1.0" complexity="0.0">
					<methods>
					</methods>
					<lines>
					</lines>
				</class>
				<class name="com.github.valid8j.pcond.core.EvaluableIo" filename="com/github/valid8j/pcond/core/EvaluableIo.java" line-rate="0.9411764705882353" branch-rate="1.0" complexity="1.0">
					<methods>
						<method name="&lt;init&gt;" signature="(Lcom/github/valid8j/pcond/core/ValueHolder;Lcom/github/valid8j/pcond/core/EvaluationEntry$Type;Lcom/github/valid8j/pcond/core/Evaluable;)V" line-rate="1.0" branch-rate="1.0" complexity="0">
							<lines>
								<line number="14" hits="1066" branch="false"/>
								<line number="15" hits="1066" branch="false"/>
							</lines>
						</method>
						<method name="&lt;init&gt;" signature="(Lcom/github/valid8j/pcond/core/ValueHolder;Lcom/github/valid8j/pcond/core/EvaluationEntry$Type;Ljava/lang/String;Lcom/github/valid8j/pcond/core/Evaluable;)V" line-rate="1.0" branch-rate="1.0" complexity="0">
							<lines>
								<line number="17" hits="14858" branch="false"/>
								<line number="18" hits="14858" branch="false"/>
								<line number="19" hits="14858" branch="false"/>
								<line number="20" hits="14858" branch="false"/>
								<line number="21" hits="14858" branch="false"/>
								<line number="22" hits="14858" branch="false"/>
								<line number="23" hits="14858" branch="false"/>
							</lines>
						</method>
						<method name="evaluable" signature="()Lcom/github/valid8j/pcond/core/Evaluable;" line-rate="1.0" branch-rate="1.0" complexity="0">
							<lines>
								<line number="42" hits="64819" branch="false"/>
							</lines>
						</method>
						<method name="evaluableType" signature="()Lcom/github/valid8j/pcond/core/EvaluationEntry$Type;" line-rate="1.0" branch-rate="1.0" complexity="0">
							<lines>
								<line number="34" hits="59307" branch="false"/>
							</lines>
						</method>
						<method name="formName" signature="()Ljava/lang/String;" line-rate="1.0" branch-rate="1.0" complexity="0">
							<lines>
								<line number="38" hits="3520" branch="false"/>
							</lines>
						</method>
						<method name="input" signature="()Lcom/github/valid8j/pcond/core/ValueHolder;" line-rate="1.0" branch-rate="1.0" complexity="0">
							<lines>
								<line number="30" hits="58676" branch="false"/>
							</lines>
						</method>
						<method name="output" signature="()Lcom/github/valid8j/pcond/core/ValueHolder;" line-rate="1.0" branch-rate="1.0" complexity="0">
							<lines>
								<line number="46" hits="64884" branch="false"/>
							</lines>
						</method>
						<method name="output" signature="(Lcom/github/valid8j/pcond/core/ValueHolder;)V" line-rate="1.0" branch-rate="1.0" complexity="0">
							<lines>
								<line number="26" hits="17024" branch="false"/>
								<line number="27" hits="17024" branch="false"/>
							</lines>
						</method>
						<method name="toString" signature="()Ljava/lang/String;" line-rate="0.0" branch-rate="1.0" complexity="0">
							<lines>
								<line number="51" hits="0" branch="false"/>
							</lines>
						</method>
					</methods>
					<lines>
						<line number="14" hits="1066" branch="false"/>
						<line number="15" hits="1066" branch="false"/>
						<line number="17" hits="14858" branch="false"/>
						<line number="18" hits="14858" branch="false"/>
						<line number="19" hits="14858" branch="false"/>
						<line number="20" hits="14858" branch="false"/>
						<line number="21" hits="14858" branch="false"/>
						<line number="22" hits="14858" branch="false"/>
						<line number="23" hits="14858" branch="false"/>
						<line number="26" hits="17024" branch="false"/>
						<line number="27" hits="17024" branch="false"/>
						<line number="30" hits="58676" branch="false"/>
						<line number="34" hits="59307" branch="false"/>
						<line number="38" hits="3520" branch="false"/>
						<line number="42" hits="64819" branch="false"/>
						<line number="46" hits="64884" branch="false"/>
						<line number="51" hits="0" branch="false"/>
					</lines>
				</class>
				<class name="com.github.valid8j.pcond.core.EvaluationContext" filename="com/github/valid8j/pcond/core/EvaluationContext.java" line-rate="0.9824561403508771" branch-rate="0.9444444444444444" complexity="0.0">
					<methods>
						<method name="&lt;init&gt;" signature="()V" line-rate="1.0" branch-rate="1.0" complexity="0">
							<lines>
								<line number="23" hits="1066" branch="false"/>
								<line number="24" hits="1066" branch="false"/>
							</lines>
						</method>
						<method name="&lt;init&gt;" signature="(Lcom/github/valid8j/pcond/core/EvaluationContext;)V" line-rate="1.0" branch-rate="1.0" complexity="0">
							<lines>
								<line number="18" hits="5889" branch="false"/>
								<line number="19" hits="5889" branch="false"/>
								<line number="21" hits="5889" branch="false"/>
								<line number="26" hits="4823" branch="false"/>
								<line number="27" hits="4823" branch="false"/>
								<line number="28" hits="4823" branch="false"/>
							</lines>
						</method>
						<method name="createEvaluableIo" signature="(Lcom/github/valid8j/pcond/core/ValueHolder;Lcom/github/valid8j/pcond/core/EvaluationEntry$Type;Ljava/lang/String;Lcom/github/valid8j/pcond/core/Evaluable;)Lcom/github/valid8j/pcond/core/EvaluableIo;" line-rate="1.0" branch-rate="1.0" complexity="0">
							<lines>
								<line number="105" hits="8512" branch="false"/>
							</lines>
						</method>
						<method name="createEvaluationEntry" signature="(Lcom/github/valid8j/pcond/core/EvaluationContext;Lcom/github/valid8j/pcond/core/EvaluableIo;)Lcom/github/valid8j/pcond/core/EvaluationEntry;" line-rate="1.0" branch-rate="1.0" complexity="0">
							<lines>
								<line number="111" hits="8512" branch="false"/>
							</lines>
						</method>
						<method name="currentIndentLevel" signature="()I" line-rate="1.0" branch-rate="1.0" complexity="0">
							<lines>
								<line number="128" hits="134" branch="false"/>
							</lines>
						</method>
						<method name="enter" signature="(Lcom/github/valid8j/pcond/core/ValueHolder;Lcom/github/valid8j/pcond/core/EvaluationEntry$Type;Ljava/lang/String;Lcom/github/valid8j/pcond/core/Evaluable;)Lcom/github/valid8j/pcond/core/EvaluableIo;" line-rate="1.0" branch-rate="1.0" complexity="0">
							<lines>
								<line number="92" hits="8512" branch="false"/>
								<line number="93" hits="8512" branch="false"/>
								<line number="94" hits="8512" branch="false"/>
								<line number="95" hits="8512" branch="false"/>
							</lines>
						</method>
						<method name="evaluate" signature="(Lcom/github/valid8j/pcond/core/EvaluableIo;Ljava/util/function/BiFunction;)V" line-rate="1.0" branch-rate="1.0" complexity="0">
							<lines>
								<line number="35" hits="1854" branch="false"/>
								<line number="36" hits="1854" branch="false"/>
							</lines>
						</method>
						<method name="evaluate" signature="(Lcom/github/valid8j/pcond/core/EvaluationEntry$Type;Lcom/github/valid8j/pcond/core/EvaluableIo;Ljava/util/function/BiFunction;)V" line-rate="1.0" branch-rate="1.0" complexity="0">
							<lines>
								<line number="40" hits="4911" branch="false"/>
							</lines>
						</method>
						<method name="evaluate" signature="(Lcom/github/valid8j/pcond/core/EvaluationEntry$Type;Lcom/github/valid8j/pcond/core/EvaluableIo;Ljava/util/function/Function;)V" line-rate="1.0" branch-rate="1.0" complexity="0">
							<lines>
								<line number="43" hits="6336" branch="false"/>
								<line number="44" hits="6336" branch="false"/>
							</lines>
						</method>
						<method name="evaluate" signature="(Lcom/github/valid8j/pcond/core/EvaluationEntry$Type;Ljava/lang/String;Lcom/github/valid8j/pcond/core/EvaluableIo;Ljava/util/function/Function;)V" line-rate="1.0" branch-rate="1.0" complexity="0">
							<lines>
								<line number="47" hits="8512" branch="false"/>
								<line number="48" hits="8512" branch="false"/>
								<line number="49" hits="8512" branch="false"/>
								<line number="50" hits="8512" branch="false"/>
								<line number="51" hits="8512" branch="false"/>
								<line number="52" hits="8512" branch="false"/>
							</lines>
						</method>
						<method name="flipExpectation" signature="()V" line-rate="1.0" branch-rate="1.0" complexity="0">
							<lines>
								<line number="67" hits="318" branch="true" condition-coverage="100% (2/2)">
									<conditions>
										<condition number="0" type="jump" coverage="100%"/>
									</conditions>
								</line>
								<line number="68" hits="318" branch="false"/>
							</lines>
						</method>
						<method name="formNameOf" signature="(Lcom/github/valid8j/pcond/core/EvaluableIo;)Ljava/lang/String;" line-rate="1.0" branch-rate="1.0" complexity="0">
							<lines>
								<line number="55" hits="17007" branch="false"/>
							</lines>
						</method>
						<method name="formNameOf" signature="(Lcom/github/valid8j/pcond/core/EvaluationEntry$Type;Lcom/github/valid8j/pcond/core/Evaluable;)Ljava/lang/String;" line-rate="1.0" branch-rate="1.0" complexity="0">
							<lines>
								<line number="59" hits="18073" branch="false"/>
							</lines>
						</method>
						<method name="importEntries" signature="(Lcom/github/valid8j/pcond/core/EvaluationContext;)V" line-rate="1.0" branch-rate="1.0" complexity="0">
							<lines>
								<line number="119" hits="134" branch="false"/>
								<line number="120" hits="134" branch="false"/>
							</lines>
						</method>
						<method name="importEntries" signature="(Lcom/github/valid8j/pcond/core/EvaluationContext;I)V" line-rate="1.0" branch-rate="1.0" complexity="0">
							<lines>
								<line number="124" hits="4823" branch="false"/>
								<line number="125" hits="4823" branch="false"/>
							</lines>
						</method>
						<method name="isExpectationFlipped" signature="()Z" line-rate="1.0" branch-rate="1.0" complexity="0">
							<lines>
								<line number="63" hits="13464" branch="false"/>
							</lines>
						</method>
						<method name="lambda$evaluate$0" signature="(Ljava/util/function/BiFunction;Lcom/github/valid8j/pcond/core/EvaluableIo;)Lcom/github/valid8j/pcond/core/ValueHolder;" line-rate="1.0" branch-rate="1.0" complexity="0">
							<lines>
								<line number="39" hits="9822" branch="false"/>
							</lines>
						</method>
						<method name="lambda$importEntries$1" signature="(ILcom/github/valid8j/pcond/core/EvaluationEntry;)V" line-rate="1.0" branch-rate="1.0" complexity="0">
							<lines>
								<line number="123" hits="22091" branch="false"/>
							</lines>
						</method>
						<method name="leave" signature="(Lcom/github/valid8j/pcond/core/EvaluableIo;Lcom/github/valid8j/pcond/core/ValueHolder;)V" line-rate="1.0" branch-rate="1.0" complexity="0">
							<lines>
								<line number="99" hits="8512" branch="false"/>
								<line number="100" hits="8512" branch="false"/>
								<line number="101" hits="8512" branch="false"/>
								<line number="102" hits="8512" branch="false"/>
							</lines>
						</method>
						<method name="resolveEvaluationEntryType" signature="(Lcom/github/valid8j/pcond/core/Evaluable;)Lcom/github/valid8j/pcond/core/EvaluationEntry$Type;" line-rate="0.9230769230769231" branch-rate="0.9375" complexity="0">
							<lines>
								<line number="75" hits="15943" branch="true" condition-coverage="100% (6/6)">
									<conditions>
										<condition number="0" type="jump" coverage="100%"/>
										<condition number="1" type="jump" coverage="100%"/>
										<condition number="2" type="jump" coverage="100%"/>
									</conditions>
								</line>
								<line number="76" hits="4947" branch="false"/>
								<line number="77" hits="10996" branch="true" condition-coverage="100% (2/2)">
									<conditions>
										<condition number="0" type="jump" coverage="100%"/>
									</conditions>
								</line>
								<line number="78" hits="5700" branch="false"/>
								<line number="79" hits="5296" branch="true" condition-coverage="100% (2/2)">
									<conditions>
										<condition number="0" type="jump" coverage="100%"/>
									</conditions>
								</line>
								<line number="80" hits="1342" branch="false"/>
								<line number="81" hits="3954" branch="true" condition-coverage="100% (2/2)">
									<conditions>
										<condition number="0" type="jump" coverage="100%"/>
									</conditions>
								</line>
								<line number="82" hits="27" branch="false"/>
								<line number="83" hits="3927" branch="true" condition-coverage="100% (2/2)">
									<conditions>
										<condition number="0" type="jump" coverage="100%"/>
									</conditions>
								</line>
								<line number="84" hits="609" branch="false"/>
								<line number="85" hits="3318" branch="true" condition-coverage="50% (1/2)">
									<conditions>
										<condition number="0" type="jump" coverage="50%"/>
									</conditions>
								</line>
								<line number="86" hits="3318" branch="false"/>
								<line number="87" hits="0" branch="false"/>
							</lines>
						</method>
						<method name="resultEntries" signature="()Ljava/util/List;" line-rate="1.0" branch-rate="1.0" complexity="0">
							<lines>
								<line number="115" hits="5023" branch="false"/>
							</lines>
						</method>
						<method name="updateEvaluableIo" signature="(Lcom/github/valid8j/pcond/core/EvaluableIo;Lcom/github/valid8j/pcond/core/EvaluableIo;)V" line-rate="1.0" branch-rate="1.0" complexity="0">
							<lines>
								<line number="71" hits="8512" branch="false"/>
								<line number="72" hits="8512" branch="false"/>
							</lines>
[...]
							<lines>
								<line number="599" hits="13" branch="false"/>
								<line number="600" hits="13" branch="false"/>
							</lines>
						</method>
						<method name="exceptionComposerForAssert" signature="(Lcom/github/valid8j/pcond/validator/ExceptionComposer$ForAssertion;)Lcom/github/valid8j/pcond/validator/Validator$Configuration$Builder;" line-rate="1.0" branch-rate="1.0" complexity="0">
							<lines>
								<line number="604" hits="13" branch="false"/>
								<line number="605" hits="13" branch="false"/>
							</lines>
						</method>
						<method name="exceptionComposerForAssertThat" signature="(Lcom/github/valid8j/pcond/validator/ExceptionComposer$ForTestAssertion;)Lcom/github/valid8j/pcond/validator/Validator$Configuration$Builder;" line-rate="1.0" branch-rate="1.0" complexity="0">
							<lines>
								<line number="609" hits="13" branch="false"/>
								<line number="610" hits="13" branch="false"/>
							</lines>
						</method>
						<method name="exceptionComposerForEnsure" signature="(Lcom/github/valid8j/pcond/validator/ExceptionComposer$ForEnsure;)Lcom/github/valid8j/pcond/validator/Validator$Configuration$Builder;" line-rate="1.0" branch-rate="1.0" complexity="0">
							<lines>
								<line number="594" hits="13" branch="false"/>
								<line number="595" hits="13" branch="false"/>
							</lines>
						</method>
						<method name="exceptionComposerForRequire" signature="(Lcom/github/valid8j/pcond/validator/ExceptionComposer$ForRequire;)Lcom/github/valid8j/pcond/validator/Validator$Configuration$Builder;" line-rate="1.0" branch-rate="1.0" complexity="0">
							<lines>
								<line number="589" hits="13" branch="false"/>
								<line number="590" hits="13" branch="false"/>
							</lines>
						</method>
						<method name="fromProperties" signature="(Ljava/util/Properties;)Lcom/github/valid8j/pcond/validator/Validator$Configuration$Builder;" line-rate="1.0" branch-rate="1.0" complexity="0">
							<lines>
								<line number="707" hits="26" branch="false"/>
								<line number="708" hits="13" branch="false"/>
								<line number="709" hits="13" branch="false"/>
								<line number="710" hits="13" branch="false"/>
								<line number="711" hits="13" branch="false"/>
								<line number="712" hits="13" branch="false"/>
								<line number="713" hits="13" branch="false"/>
								<line number="714" hits="13" branch="false"/>
								<line number="715" hits="13" branch="false"/>
								<line number="716" hits="13" branch="false"/>
							</lines>
						</method>
						<method name="isClassPresent" signature="(Ljava/lang/String;)Z" line-rate="0.5" branch-rate="1.0" complexity="0">
							<lines>
								<line number="690" hits="18" branch="false"/>
								<line number="691" hits="18" branch="false"/>
								<line number="692" hits="0" branch="false"/>
								<line number="693" hits="0" branch="false"/>
							</lines>
						</method>
						<method name="messageComposer" signature="(Lcom/github/valid8j/pcond/validator/MessageComposer;)Lcom/github/valid8j/pcond/validator/Validator$Configuration$Builder;" line-rate="1.0" branch-rate="1.0" complexity="0">
							<lines>
								<line number="614" hits="13" branch="false"/>
								<line number="615" hits="13" branch="false"/>
							</lines>
						</method>
						<method name="reportComposer" signature="(Lcom/github/valid8j/pcond/validator/ReportComposer;)Lcom/github/valid8j/pcond/validator/Validator$Configuration$Builder;" line-rate="1.0" branch-rate="1.0" complexity="0">
							<lines>
								<line number="619" hits="16" branch="false"/>
								<line number="620" hits="16" branch="false"/>
							</lines>
						</method>
						<method name="summarizedStringLength" signature="(I)Lcom/github/valid8j/pcond/validator/Validator$Configuration$Builder;" line-rate="1.0" branch-rate="1.0" complexity="0">
							<lines>
								<line number="584" hits="13" branch="false"/>
								<line number="585" hits="13" branch="false"/>
							</lines>
						</method>
						<method name="useEvaluator" signature="(Z)Lcom/github/valid8j/pcond/validator/Validator$Configuration$Builder;" line-rate="1.0" branch-rate="1.0" complexity="0">
							<lines>
								<line number="579" hits="13" branch="false"/>
								<line number="580" hits="13" branch="false"/>
							</lines>
						</method>
						<method name="useOpentest4J" signature="()Lcom/github/valid8j/pcond/validator/Validator$Configuration$Builder;" line-rate="0.0" branch-rate="1.0" complexity="0">
							<lines>
								<line number="624" hits="0" branch="false"/>
								<line number="625" hits="0" branch="false"/>
							</lines>
						</method>
					</methods>
					<lines>
						<line number="561" hits="90" branch="false"/>
						<line number="574" hits="13" branch="false"/>
						<line number="575" hits="13" branch="false"/>
						<line number="579" hits="13" branch="false"/>
						<line number="580" hits="13" branch="false"/>
						<line number="584" hits="13" branch="false"/>
						<line number="585" hits="13" branch="false"/>
						<line number="589" hits="13" branch="false"/>
						<line number="590" hits="13" branch="false"/>
						<line number="594" hits="13" branch="false"/>
						<line number="595" hits="13" branch="false"/>
						<line number="599" hits="13" branch="false"/>
						<line number="600" hits="13" branch="false"/>
						<line number="604" hits="13" branch="false"/>
						<line number="605" hits="13" branch="false"/>
						<line number="609" hits="13" branch="false"/>
						<line number="610" hits="13" branch="false"/>
						<line number="614" hits="13" branch="false"/>
						<line number="615" hits="13" branch="false"/>
						<line number="619" hits="16" branch="false"/>
						<line number="620" hits="16" branch="false"/>
						<line number="624" hits="0" branch="false"/>
						<line number="625" hits="0" branch="false"/>
						<line number="629" hits="18" branch="true" condition-coverage="50% (1/2)">
							<conditions>
								<condition number="0" type="jump" coverage="50%"/>
							</conditions>
						</line>
						<line number="630" hits="0" branch="false"/>
						<line number="631" hits="18" branch="false"/>
						<line number="690" hits="18" branch="false"/>
						<line number="691" hits="18" branch="false"/>
						<line number="692" hits="0" branch="false"/>
						<line number="693" hits="0" branch="false"/>
						<line number="700" hits="5" branch="false"/>
						<line number="701" hits="0" branch="false"/>
						<line number="702" hits="0" branch="false"/>
						<line number="707" hits="26" branch="false"/>
						<line number="708" hits="13" branch="false"/>
						<line number="709" hits="13" branch="false"/>
						<line number="710" hits="13" branch="false"/>
						<line number="711" hits="13" branch="false"/>
						<line number="712" hits="13" branch="false"/>
						<line number="713" hits="13" branch="false"/>
						<line number="714" hits="13" branch="false"/>
						<line number="715" hits="13" branch="false"/>
						<line number="716" hits="13" branch="false"/>
					</lines>
				</class>
				<class name="com.github.valid8j.pcond.validator.Validator$Configuration$Builder$1" filename="com/github/valid8j/pcond/validator/Validator.java" line-rate="0.9411764705882353" branch-rate="0.5" complexity="0.0">
					<methods>
						<method name="&lt;init&gt;" signature="(Lcom/github/valid8j/pcond/validator/Validator$Configuration$Builder;)V" line-rate="1.0" branch-rate="1.0" complexity="0">
							<lines>
								<line number="631" hits="18" branch="false"/>
								<line number="632" hits="18" branch="false"/>
								<line number="635" hits="36" branch="false"/>
								<line number="636" hits="18" branch="false"/>
								<line number="637" hits="18" branch="false"/>
								<line number="638" hits="18" branch="false"/>
								<line number="639" hits="18" branch="false"/>
								<line number="640" hits="18" branch="false"/>
							</lines>
						</method>
						<method name="debugging" signature="()Ljava/util/Optional;" line-rate="0.6666666666666666" branch-rate="0.5" complexity="0">
							<lines>
								<line number="665" hits="27924" branch="true" condition-coverage="50% (1/2)">
									<conditions>
										<condition number="0" type="jump" coverage="50%"/>
									</conditions>
								</line>
								<line number="666" hits="0" branch="false"/>
								<line number="668" hits="27924" branch="false"/>
							</lines>
						</method>
						<method name="exceptionComposer" signature="()Lcom/github/valid8j/pcond/validator/ExceptionComposer;" line-rate="1.0" branch-rate="1.0" complexity="0">
							<lines>
								<line number="660" hits="328" branch="false"/>
							</lines>
						</method>
						<method name="messageComposer" signature="()Lcom/github/valid8j/pcond/validator/MessageComposer;" line-rate="1.0" branch-rate="1.0" complexity="0">
							<lines>
								<line number="673" hits="1067" branch="false"/>
							</lines>
						</method>
						<method name="parentBuilder" signature="()Lcom/github/valid8j/pcond/validator/Validator$Configuration$Builder;" line-rate="1.0" branch-rate="1.0" complexity="0">
							<lines>
								<line number="683" hits="5" branch="false"/>
							</lines>
						</method>
						<method name="reportComposer" signature="()Lcom/github/valid8j/pcond/validator/ReportComposer;" line-rate="1.0" branch-rate="1.0" complexity="0">
							<lines>
								<line number="678" hits="328" branch="false"/>
							</lines>
						</method>
						<method name="summarizedStringLength" signature="()I" line-rate="1.0" branch-rate="1.0" complexity="0">
							<lines>
								<line number="645" hits="13574" branch="false"/>
							</lines>
						</method>
						<method name="useEvaluator" signature="()Z" line-rate="1.0" branch-rate="1.0" complexity="0">
							<lines>
								<line number="650" hits="1066" branch="false"/>
							</lines>
						</method>
					</methods>
					<lines>
						<line number="631" hits="18" branch="false"/>
						<line number="632" hits="18" branch="false"/>
						<line number="635" hits="36" branch="false"/>
						<line number="636" hits="18" branch="false"/>
						<line number="637" hits="18" branch="false"/>
						<line number="638" hits="18" branch="false"/>
						<line number="639" hits="18" branch="false"/>
						<line number="640" hits="18" branch="false"/>
						<line number="645" hits="13574" branch="false"/>
						<line number="650" hits="1066" branch="false"/>
						<line number="660" hits="328" branch="false"/>
						<line number="665" hits="27924" branch="true" condition-coverage="50% (1/2)">
							<conditions>
								<condition number="0" type="jump" coverage="50%"/>
							</conditions>
						</line>
						<line number="666" hits="0" branch="false"/>
						<line number="668" hits="27924" branch="false"/>
						<line number="673" hits="1067" branch="false"/>
						<line number="678" hits="328" branch="false"/>
						<line number="683" hits="5" branch="false"/>
					</lines>
				</class>
				<class name="com.github.valid8j.pcond.validator.Validator$Configuration$Builder$1$1" filename="com/github/valid8j/pcond/validator/Validator.java" line-rate="1.0" branch-rate="1.0" complexity="0.0">
					<methods>
						<method name="&lt;init&gt;" signature="(Lcom/github/valid8j/pcond/validator/Validator$Configuration$Builder$1;)V" line-rate="1.0" branch-rate="1.0" complexity="0">
							<lines>
								<line number="632" hits="18" branch="false"/>
							</lines>
						</method>
					</methods>
					<lines>
						<line number="632" hits="18" branch="false"/>
					</lines>
				</class>
				<class name="com.github.valid8j.pcond.validator.Validator$Configuration$Debugging" filename="com/github/valid8j/pcond/validator/Validator.java" line-rate="1.0" branch-rate="1.0" complexity="0.0">
					<methods>
					</methods>
					<lines>
					</lines>
				</class>
				<class name="com.github.valid8j.pcond.validator.Validator$Configuration$Utils" filename="com/github/valid8j/pcond/validator/Validator.java" line-rate="0.7" branch-rate="0.5" complexity="0.0">
					<methods>
						<method name="&lt;clinit&gt;" signature="()V" line-rate="1.0" branch-rate="1.0" complexity="0">
							<lines>
								<line number="525" hits="2" branch="false"/>
							</lines>
						</method>
						<method name="&lt;init&gt;" signature="(Ljava/lang/String;I)V" line-rate="1.0" branch-rate="1.0" complexity="0">
							<lines>
							</lines>
						</method>
						<method name="instantiate" signature="(Ljava/lang/Class;Ljava/lang/String;)Ljava/lang/Object;" line-rate="0.3333333333333333" branch-rate="1.0" complexity="0">
							<lines>
								<line number="531" hits="91" branch="false"/>
								<line number="532" hits="0" branch="false"/>
								<line number="534" hits="0" branch="false"/>
							</lines>
						</method>
						<method name="lambda$loadPcondProperties$0" signature="(Ljava/util/Properties;Ljava/lang/Object;Ljava/lang/Object;)V" line-rate="1.0" branch-rate="1.0" complexity="0">
							<lines>
								<line number="542" hits="121" branch="false"/>
								<line number="543" hits="121" branch="false"/>
								<line number="544" hits="121" branch="false"/>
								<line number="545" hits="121" branch="true" condition-coverage="100% (2/2)">
									<conditions>
										<condition number="0" type="jump" coverage="100%"/>
									</conditions>
								</line>
								<line number="546" hits="1" branch="false"/>
								<line number="548" hits="121" branch="false"/>
							</lines>
						</method>
						<method name="loadPcondProperties" signature="()Ljava/util/Properties;" line-rate="0.6" branch-rate="0.3333333333333333" complexity="0">
							<lines>
								<line number="540" hits="2" branch="false"/>
								<line number="541" hits="2" branch="false"/>
								<line number="549" hits="2" branch="false"/>
								<line number="550" hits="2" branch="true" condition-coverage="50% (1/2)">
									<conditions>
										<condition number="0" type="jump" coverage="50%"/>
									</conditions>
								</line>
								<line number="551" hits="4" branch="false"/>
								<line number="552" hits="0" branch="false"/>
								<line number="553" hits="0" branch="false"/>
								<line number="554" hits="2" branch="true" condition-coverage="25% (1/4)">
									<conditions>
										<condition number="0" type="jump" coverage="50%"/>
										<condition number="1" type="jump" coverage="0%"/>
									</conditions>
								</line>
								<line number="555" hits="0" branch="false"/>
								<line number="556" hits="0" branch="false"/>
							</lines>
						</method>
						<method name="valueOf" signature="(Ljava/lang/String;)Lcom/github/valid8j/pcond/validator/Validator$Configuration$Utils;" line-rate="1.0" branch-rate="1.0" complexity="0">
							<lines>
							</lines>
						</method>
						<method name="values" signature="()[Lcom/github/valid8j/pcond/validator/Validator$Configuration$Utils;" line-rate="1.0" branch-rate="1.0" complexity="0">
							<lines>
							</lines>
						</method>
					</methods>
					<lines>
						<line number="525" hits="2" branch="false"/>
						<line number="531" hits="91" branch="false"/>
						<line number="532" hits="0" branch="false"/>
						<line number="534" hits="0" branch="false"/>
						<line number="540" hits="2" branch="false"/>
						<line number="541" hits="2" branch="false"/>
						<line number="542" hits="121" branch="false"/>
						<line number="543" hits="121" branch="false"/>
						<line number="544" hits="121" branch="false"/>
						<line number="545" hits="121" branch="true" condition-coverage="100% (2/2)">
							<conditions>
								<condition number="0" type="jump" coverage="100%"/>
							</conditions>
						</line>
						<line number="546" hits="1" branch="false"/>
						<line number="548" hits="121" branch="false"/>
						<line number="549" hits="2" branch="false"/>
						<line number="550" hits="2" branch="true" condition-coverage="50% (1/2)">
							<conditions>
								<condition number="0" type="jump" coverage="50%"/>
							</conditions>
						</line>
						<line number="551" hits="4" branch="false"/>
						<line number="552" hits="0" branch="false"/>
						<line number="553" hits="0" branch="false"/>
						<line number="554" hits="2" branch="true" condition-coverage="25% (1/4)">
							<conditions>
								<condition number="0" type="jump" coverage="50%"/>
								<condition number="1" type="jump" coverage="0%"/>
							</conditions>
						</line>
						<line number="555" hits="0" branch="false"/>
						<line number="556" hits="0" branch="false"/>
					</lines>
				</class>
				<class name="com.github.valid8j.pcond.validator.Validator$Impl" filename="com/github/valid8j/pcond/validator/Validator.java" line-rate="1.0" branch-rate="1.0" complexity="0.0">
					<methods>
						<method name="&lt;init&gt;" signature="(Lcom/github/valid8j/pcond/validator/Validator$Configuration;)V" line-rate="1.0" branch-rate="1.0" complexity="0">
							<lines>
								<line number="725" hits="18" branch="false"/>
								<line number="726" hits="18" branch="false"/>
								<line number="727" hits="18" branch="false"/>
							</lines>
						</method>
						<method name="configuration" signature="()Lcom/github/valid8j/pcond/validator/Validator$Configuration;" line-rate="1.0" branch-rate="1.0" complexity="0">
							<lines>
								<line number="731" hits="44292" branch="false"/>
							</lines>
						</method>
					</methods>
					<lines>
						<line number="725" hits="18" branch="false"/>
						<line number="726" hits="18" branch="false"/>
						<line number="727" hits="18" branch="false"/>
						<line number="731" hits="44292" branch="false"/>
					</lines>
				</class>
			</classes>
		</package>
		<package name="com.github.valid8j.pcond.validator.exceptions" line-rate="1.0" branch-rate="1.0" complexity="1.0">
			<classes>
				<class name="com.github.valid8j.pcond.validator.exceptions.PostconditionViolationException" filename="com/github/valid8j/pcond/validator/exceptions/PostconditionViolationException.java" line-rate="1.0" branch-rate="1.0" complexity="1.0">
					<methods>
						<method name="&lt;init&gt;" signature="(Ljava/lang/String;)V" line-rate="1.0" branch-rate="1.0" complexity="0">
							<lines>
								<line number="8" hits="3" branch="false"/>
								<line number="9" hits="3" branch="false"/>
							</lines>
						</method>
					</methods>
					<lines>
						<line number="8" hits="3" branch="false"/>
						<line number="9" hits="3" branch="false"/>
					</lines>
				</class>
				<class name="com.github.valid8j.pcond.validator.exceptions.PreconditionViolationException" filename="com/github/valid8j/pcond/validator/exceptions/PreconditionViolationException.java" line-rate="1.0" branch-rate="1.0" complexity="1.0">
					<methods>
						<method name="&lt;init&gt;" signature="(Ljava/lang/String;)V" line-rate="1.0" branch-rate="1.0" complexity="0">
							<lines>
								<line number="8" hits="2" branch="false"/>
								<line number="9" hits="2" branch="false"/>
							</lines>
						</method>
					</methods>
					<lines>
						<line number="8" hits="2" branch="false"/>
						<line number="9" hits="2" branch="false"/>
					</lines>
				</class>
				<class name="com.github.valid8j.pcond.validator.exceptions.ValidationException" filename="com/github/valid8j/pcond/validator/exceptions/ValidationException.java" line-rate="1.0" branch-rate="1.0" complexity="1.0">
					<methods>
						<method name="&lt;init&gt;" signature="(Ljava/lang/String;)V" line-rate="1.0" branch-rate="1.0" complexity="0">
							<lines>
								<line number="8" hits="1" branch="false"/>
								<line number="9" hits="1" branch="false"/>
							</lines>
						</method>
					</methods>
					<lines>
						<line number="8" hits="1" branch="false"/>
						<line number="9" hits="1" branch="false"/>
					</lines>
				</class>
			</classes>
		</package>
	</packages>
</coverage>
